c:\users\ashwin\documents\github\ecs-development\ecs\project\project\x64\debug\vc140.pdb
d:\github\ecs-development\ecs\project\project\x64\debug\vc140.pdb
d:\github\ecs-development\ecs\project\project\x64\debug\vc140.idb
d:\github\ecs-development\ecs\project\project\x64\debug\resourcemanager.obj
d:\github\ecs-development\ecs\project\project\x64\debug\materialresourcemanager.obj
d:\github\ecs-development\ecs\project\project\x64\debug\textureresourcemanager.obj
d:\github\ecs-development\ecs\project\project\x64\debug\shaderresourcemanager.obj
d:\github\ecs-development\ecs\project\project\x64\debug\resourceevent.obj
d:\github\ecs-development\ecs\project\project\x64\debug\shaderdata.obj
d:\github\ecs-development\ecs\project\project\x64\debug\materialdata.obj
d:\github\ecs-development\ecs\project\project\x64\debug\texturedata.obj
d:\github\ecs-development\ecs\project\project\x64\debug\renderergeometrymanager.obj
d:\github\ecs-development\ecs\project\project\x64\debug\rendererlightmanager.obj
d:\github\ecs-development\ecs\project\project\x64\debug\renderermaterialmanager.obj
d:\github\ecs-development\ecs\project\project\x64\debug\renderershadermanager.obj
d:\github\ecs-development\ecs\project\project\x64\debug\renderertexturemanager.obj
d:\github\ecs-development\ecs\project\project\x64\debug\renderablemanager.obj
d:\github\ecs-development\ecs\project\project\x64\debug\vaomanager.obj
d:\github\ecs-development\ecs\project\project\x64\debug\vaostorage.obj
d:\github\ecs-development\ecs\project\project\x64\debug\resourcedata.obj
d:\github\ecs-development\ecs\project\project\x64\debug\basicrenderer.obj
d:\github\ecs-development\ecs\project\project\x64\debug\demoecs.obj
d:\github\ecs-development\ecs\project\project\x64\debug\starsystem.obj
d:\github\ecs-development\ecs\project\project\x64\debug\entitymanager.obj
d:\github\ecs-development\ecs\project\project\x64\debug\entity.obj
d:\github\ecs-development\ecs\project\project\x64\debug\eventqueue.obj
d:\github\ecs-development\ecs\project\project\x64\debug\geometrydata.obj
d:\github\ecs-development\ecs\project\project\x64\debug\physicsdata.obj
d:\github\ecs-development\ecs\project\project\x64\debug\renderable.obj
d:\github\ecs-development\ecs\project\project\x64\debug\renderer.obj
d:\github\ecs-development\ecs\project\project\x64\debug\renderingsystem.obj
d:\github\ecs-development\ecs\project\project\x64\debug\system.obj
d:\github\ecs-development\ecs\project\project\x64\debug\transformsystem.obj
d:\github\ecs-development\ecs\project\project\x64\debug\texturebufferdata.obj
d:\github\ecs-development\ecs\project\project\x64\debug\texturegeneratorselector.obj
d:\github\ecs-development\ecs\project\project\x64\debug\transform.obj
d:\github\ecs-development\ecs\project\project\x64\debug\geometryresourcemanager.obj
d:\github\ecs-development\ecs\project\project\x64\debug\geometrygeneratorselector.obj
d:\github\ecs-development\ecs\project\project\x64\debug\inputevent.obj
d:\github\ecs-development\ecs\project\project\x64\debug\lightresourcemanager.obj
d:\github\ecs-development\ecs\project\project\x64\debug\lightdata.obj
d:\github\ecs-development\ecs\project\project\x64\debug\tiny_obj_loader.obj
d:\github\ecs-development\ecs\project\project\x64\debug\main.obj
d:\github\ecs-development\ecs\project\project\x64\debug\eventreceiver.obj
d:\github\ecs-development\ecs\project\project\x64\debug\planetmakerecs.obj
d:\github\ecs-development\ecs\project\project\x64\debug\sampler.obj
d:\github\ecs-development\ecs\project\project\x64\debug\interactionmovementresponsesystem.obj
d:\github\ecs-development\ecs\project\project\x64\debug\movementsystem.obj
d:\github\ecs-development\ecs\project\project\x64\debug\inputsystem.obj
d:\github\ecs-development\ecs\project\project\x64\debug\deferredrenderer.obj
d:\github\ecs-development\ecs\project\project\x64\debug\interactionevent.obj
d:\github\ecs-development\ecs\project\project\x64\debug\camerasystem.obj
d:\github\ecs-development\ecs\project\project\x64\debug\cameracomponent.obj
d:\github\ecs-development\ecs\project\project\x64\debug\camera.obj
d:\github\ecs-development\ecs\project\project\x64\debug\component.obj
d:\github\ecs-development\ecs\project\project\x64\debug\geometrycomponent.obj
d:\github\ecs-development\ecs\project\project\x64\debug\hierarchycomponent.obj
d:\github\ecs-development\ecs\project\project\x64\debug\physicscomponent.obj
d:\github\ecs-development\ecs\project\project\x64\debug\renderingcomponent.obj
d:\github\ecs-development\ecs\project\project\x64\debug\transformcomponent.obj
d:\github\ecs-development\ecs\project\project\x64\debug\configuration.obj
d:\github\ecs-development\ecs\project\project\x64\debug\ecs.obj
d:\github\ecs-development\ecs\project\project\x64\debug\ecsevent.obj
d:\github\ecs-development\ecs\project\project\x64\debug\speedcomponent.obj
d:\github\ecs-development\ecs\project\project\x64\debug\selectioncomponent.obj
d:\github\ecs-development\ecs\project\project\x64\debug\movementresponsecomponent.obj
d:\github\ecs-development\ecs\project\project\x64\debug\planetmakersystem.obj
d:\github\ecs-development\ecs\project\project\x64\debug\debugsystem.obj
d:\github\ecs-development\ecs\project\project\x64\debug\eventdispatcher.obj
c:\users\ashwin\documents\github\ecs-development\ecs\project\x64\debug\project.ilk
c:\users\ashwin\documents\github\ecs-development\ecs\project\x64\debug\project.exe
c:\users\ashwin\documents\github\ecs-development\ecs\project\x64\debug\project.pdb
d:\github\ecs-development\ecs\project\x64\debug\project.ilk
d:\github\ecs-development\ecs\project\x64\debug\project.exe
d:\github\ecs-development\ecs\project\x64\debug\project.pdb
d:\github\ecs-development\ecs\project\project\x64\debug\icosphere.obj
d:\github\ecs-development\ecs\project\project\x64\debug\planetrings.obj
d:\github\ecs-development\ecs\project\project\x64\debug\rdfp.obj
d:\github\ecs-development\ecs\project\project\x64\debug\resourcedescription.obj
d:\github\ecs-development\ecs\project\project\x64\debug\selectionsystem.obj
d:\github\ecs-development\ecs\project\project\x64\debug\sphere.obj
d:\github\ecs-development\ecs\project\project\x64\debug\tbm.obj
d:\github\ecs-development\ecs\project\project\x64\debug\terraintile.obj
d:\github\ecs-development\ecs\project\project\x64\debug\timersystem.obj
d:\github\ecs-development\ecs\project\project\x64\debug\triangle.obj
d:\github\ecs-development\ecs\project\project\x64\debug\universeecs.obj
d:\github\ecs-development\ecs\project\project\x64\debug\project.tlog\cl.command.1.tlog
d:\github\ecs-development\ecs\project\project\x64\debug\project.tlog\cl.read.1.tlog
d:\github\ecs-development\ecs\project\project\x64\debug\project.tlog\cl.write.1.tlog
d:\github\ecs-development\ecs\project\project\x64\debug\project.tlog\link.command.1.tlog
d:\github\ecs-development\ecs\project\project\x64\debug\project.tlog\link.read.1.tlog
d:\github\ecs-development\ecs\project\project\x64\debug\project.tlog\link.write.1.tlog
